<?xml version="1.0" encoding="UTF-8"?>
<testng-results skipped="0" failed="0" total="0" passed="0">
  <reporter-output>
  </reporter-output>
  <suite name="MailRoomProject" duration-ms="3" started-at="2020-03-22T15:38:42Z" finished-at="2020-03-22T15:38:42Z">
    <groups>
    </groups>
    <test name="TestNG tests" duration-ms="3" started-at="2020-03-22T15:38:42Z" finished-at="2020-03-22T15:38:42Z">
    </test> <!-- TestNG tests -->
  </suite> <!-- MailRoomProject -->
</testng-results>
